<?xml version="1.0" encoding="UTF-8"?>
<testng-results ignored="0" total="1" passed="1" failed="0" skipped="0">
  <reporter-output>
  </reporter-output>
  <suite started-at="2024-11-11T17:53:39Z" name="Default suite" finished-at="2024-11-11T17:53:44Z" duration-ms="4704">
    <groups>
    </groups>
    <test started-at="2024-11-11T17:53:39Z" name="Default test" finished-at="2024-11-11T17:53:44Z" duration-ms="4704">
      <class name="com.Enfin.TestCases.Testcase">
        <test-method is-config="true" signature="setUp()[pri:0, instance:com.Enfin.TestCases.Testcase@3e7dd664]" started-at="2024-11-11T17:53:35Z" name="setUp" finished-at="2024-11-11T17:53:39Z" duration-ms="4149" status="PASS">
          <reporter-output>
          </reporter-output>
        </test-method> <!-- setUp -->
        <test-method signature="createTable()[pri:0, instance:com.Enfin.TestCases.Testcase@3e7dd664]" started-at="2024-11-11T17:53:39Z" name="createTable" finished-at="2024-11-11T17:53:43Z" duration-ms="4658" status="PASS">
          <reporter-output>
          </reporter-output>
        </test-method> <!-- createTable -->
        <test-method is-config="true" signature="tearDown()[pri:0, instance:com.Enfin.TestCases.Testcase@3e7dd664]" started-at="2024-11-11T17:53:44Z" name="tearDown" finished-at="2024-11-11T17:53:44Z" duration-ms="1" status="PASS">
          <reporter-output>
          </reporter-output>
        </test-method> <!-- tearDown -->
      </class> <!-- com.Enfin.TestCases.Testcase -->
    </test> <!-- Default test -->
  </suite> <!-- Default suite -->
</testng-results>
